0000-0cf7 : PCI Bus 0000:00
  0000-001f : dma1
  0020-0021 : pic1
  0040-0043 : timer0
  0050-0053 : timer1
  0060-0060 : keyboard
  0061-0061 : PNP0800:00
  0064-0064 : keyboard
  0070-0073 : rtc0
  0080-008f : dma page reg
  00a0-00a1 : pic2
  00c0-00df : dma2
  00f0-00ff : PNP0C04:00
    00f0-00ff : fpu
  0290-029f : pnp 00:00
    0290-0294 : pnp 00:00
  0378-037a : parport0
  03c0-03df : vga+
  03f8-03ff : serial
  0400-04cf : pnp 00:05
    0400-0403 : ACPI PM1a_EVT_BLK
    0404-0405 : ACPI PM1a_CNT_BLK
    0408-040b : ACPI PM_TMR
    0420-042f : ACPI GPE0_BLK
    0430-0433 : iTCO_wdt.1.auto
    0450-0450 : ACPI PM2_CNT_BLK
    0454-0457 : pnp 00:07
    0460-047f : iTCO_wdt.1.auto
  04d0-04d1 : pnp 00:00
  04d2-04ff : pnp 00:05
  0500-051f : 0000:00:1f.3
    0500-051f : i801_smbus
  0580-05ff : gpio_ich.2.auto
    0580-05af : gpio_ich
    05b0-05bf : gpio_ich
    05c0-05cf : gpio_ich
  0800-087f : pnp 00:00
  0880-088f : pnp 00:00
0cf8-0cff : PCI conf1
0d00-ffff : PCI Bus 0000:00
  1000-107f : pnp 00:06
  1080-10ff : pnp 00:06
  1100-117f : pnp 00:06
  1180-11ff : pnp 00:06
  f200-f20f : 0000:00:1f.5
    f200-f20f : ata_piix
  f300-f30f : 0000:00:1f.5
    f300-f30f : ata_piix
  f400-f403 : 0000:00:1f.5
    f400-f403 : ata_piix
  f500-f507 : 0000:00:1f.5
    f500-f507 : ata_piix
  f600-f603 : 0000:00:1f.5
    f600-f603 : ata_piix
  f700-f707 : 0000:00:1f.5
    f700-f707 : ata_piix
  f900-f90f : 0000:00:1f.2
    f900-f90f : ata_piix
  fa00-fa0f : 0000:00:1f.2
    fa00-fa0f : ata_piix
  fb00-fb03 : 0000:00:1f.2
    fb00-fb03 : ata_piix
  fc00-fc07 : 0000:00:1f.2
    fc00-fc07 : ata_piix
  fd00-fd03 : 0000:00:1f.2
    fd00-fd03 : ata_piix
  fe00-fe07 : 0000:00:1f.2
    fe00-fe07 : ata_piix
  ff00-ff3f : 0000:00:02.0
